{"numFailedTestSuites":0,"numFailedTests":0,"numPassedTestSuites":1,"numPassedTests":5,"numPendingTestSuites":0,"numPendingTests":0,"numRuntimeErrorTestSuites":0,"numTodoTests":0,"numTotalTestSuites":1,"numTotalTests":5,"openHandles":[],"snapshot":{"added":0,"didUpdate":false,"failure":false,"filesAdded":0,"filesRemoved":0,"filesRemovedList":[],"filesUnmatched":0,"filesUpdated":0,"matched":0,"total":0,"unchecked":0,"uncheckedKeysByFile":[],"unmatched":0,"updated":0},"startTime":1665254176826,"success":true,"testResults":[{"assertionResults":[{"ancestorTitles":["Users Page"],"failureMessages":[],"fullName":"Users Page should have a search bar","location":null,"status":"passed","title":"should have a search bar"},{"ancestorTitles":["Users Page"],"failureMessages":[],"fullName":"Users Page should make a GET request to load users","location":null,"status":"passed","title":"should make a GET request to load users"},{"ancestorTitles":["Users Page"],"failureMessages":[],"fullName":"Users Page should have a table","location":null,"status":"passed","title":"should have a table"},{"ancestorTitles":["Users Page"],"failureMessages":[],"fullName":"Users Page should have delete selected button","location":null,"status":"passed","title":"should have delete selected button"},{"ancestorTitles":["Users Page"],"failureMessages":[],"fullName":"Users Page should show user details by parsing the users response data","location":null,"status":"passed","title":"should show user details by parsing the users response data"}],"endTime":1665254179963,"message":"","name":"D:\\Crio\\GeekTrust\\Admin_UI\\admin_ui\\src\\__tests__\\Users.test.js","startTime":1665254177652,"status":"passed","summary":""}],"wasInterrupted":false}